[GIN-debug] [WARNING] Creating an Engine instance with the Logger and Recovery middleware already attached.

[GIN-debug] [WARNING] Running in "debug" mode. Switch to "release" mode in production.
 - using env:	export GIN_MODE=release
 - using code:	gin.SetMode(gin.ReleaseMode)

[GIN-debug] GET    /swagger/*any             --> github.com/swaggo/gin-swagger.CustomWrapHandler.func1 (3 handlers)
[GIN-debug] GET    /ping                     --> apartment_rent/pkg/controllers.PingPong (3 handlers)
[GIN-debug] POST   /auth/sign-up             --> apartment_rent/pkg/controllers.SignUp (3 handlers)
[GIN-debug] POST   /auth/sign-in             --> apartment_rent/pkg/controllers.SignIn (3 handlers)
[GIN-debug] DELETE /announcements/delete/:id --> apartment_rent/pkg/controllers.DeleteAnnouncement (4 handlers)
[GIN-debug] DELETE /announcements/review/:id --> apartment_rent/pkg/controllers.DeleteReview (4 handlers)
[GIN-debug] GET    /users                    --> apartment_rent/pkg/controllers.GetAllUsers (4 handlers)
[GIN-debug] GET    /users/:id                --> apartment_rent/pkg/controllers.GetUserByID (4 handlers)
[GIN-debug] POST   /users                    --> apartment_rent/pkg/controllers.CreateUser (4 handlers)
[GIN-debug] PUT    /users/:id                --> apartment_rent/pkg/controllers.UpdateUser (4 handlers)
[GIN-debug] DELETE /users/:id                --> apartment_rent/pkg/controllers.DeleteUser (4 handlers)
[GIN-debug] POST   /users/block/:id          --> apartment_rent/pkg/controllers.BlockUser (4 handlers)
[GIN-debug] GET    /announcements            --> apartment_rent/pkg/controllers.GetAllAnnouncement (4 handlers)
[GIN-debug] GET    /announcements/price/:price --> apartment_rent/pkg/controllers.GetAnnouncementByPrice (4 handlers)
[GIN-debug] POST   /announcements            --> apartment_rent/pkg/controllers.CreateAnnouncement (4 handlers)
[GIN-debug] PUT    /announcements/:id        --> apartment_rent/pkg/controllers.UpdateAnnouncement (4 handlers)
[GIN-debug] GET    /announcements/:id        --> apartment_rent/pkg/controllers.GetAnnouncementByID (4 handlers)
[GIN-debug] GET    /announcements/count_apart/:count_apart --> apartment_rent/pkg/controllers.GetAnnouncementByRooms (4 handlers)
[GIN-debug] GET    /announcements/views/report/:id --> apartment_rent/pkg/controllers.GetViewsReport (4 handlers)
[GIN-debug] POST   /announcements/review     --> apartment_rent/pkg/controllers.CreateReview (4 handlers)
[GIN-debug] GET    /announcements/reviews/:id --> apartment_rent/pkg/controllers.GetReviews (4 handlers)
[GIN-debug] POST   /announcements/favorite/:id --> apartment_rent/pkg/controllers.AddToFavorites (4 handlers)
[GIN-debug] GET    /announcements/favorites  --> apartment_rent/pkg/controllers.GetFavorites (4 handlers)
[GIN-debug] [WARNING] You trusted all proxies, this is NOT safe. We recommend you to set a value.
Please check https://pkg.go.dev/github.com/gin-gonic/gin#readme-don-t-trust-all-proxies for details.
[GIN-debug] Listening and serving HTTP on localhost:8181
[GIN] 2024/09/27 - 00:23:38 | 401 |         536µs |       127.0.0.1 | GET      "/announcements/7"
[GIN] 2024/09/27 - 00:23:52 | 401 |      7.1423ms |       127.0.0.1 | GET      "/announcements/2"
[GIN] 2024/09/27 - 00:25:27 | 200 |      3.3905ms |       127.0.0.1 | POST     "/auth/sign-in"
[GIN] 2024/09/27 - 00:25:40 | 200 |      13.385ms |       127.0.0.1 | GET      "/announcements/2"
[GIN] 2024/09/27 - 00:25:45 | 200 |      4.2375ms |       127.0.0.1 | GET      "/announcements/2"
[GIN] 2024/09/27 - 00:26:54 | 500 |     18.0879ms |       127.0.0.1 | GET      "/announcements/3"
[GIN] 2024/09/27 - 00:27:02 | 200 |      7.2909ms |       127.0.0.1 | GET      "/announcements/4"
[GIN] 2024/09/27 - 00:27:16 | 200 |      1.8252ms |       127.0.0.1 | POST     "/auth/sign-in"
[GIN] 2024/09/27 - 00:27:27 | 200 |     11.6104ms |       127.0.0.1 | GET      "/announcements/4"
[GIN-debug] [WARNING] Creating an Engine instance with the Logger and Recovery middleware already attached.

[GIN-debug] [WARNING] Running in "debug" mode. Switch to "release" mode in production.
 - using env:	export GIN_MODE=release
 - using code:	gin.SetMode(gin.ReleaseMode)

[GIN-debug] GET    /swagger/*any             --> github.com/swaggo/gin-swagger.CustomWrapHandler.func1 (3 handlers)
[GIN-debug] GET    /ping                     --> apartment_rent/pkg/controllers.PingPong (3 handlers)
[GIN-debug] POST   /auth/sign-up             --> apartment_rent/pkg/controllers.SignUp (3 handlers)
[GIN-debug] POST   /auth/sign-in             --> apartment_rent/pkg/controllers.SignIn (3 handlers)
[GIN-debug] DELETE /announcements/delete/:id --> apartment_rent/pkg/controllers.DeleteAnnouncement (4 handlers)
[GIN-debug] DELETE /announcements/review/:id --> apartment_rent/pkg/controllers.DeleteReview (4 handlers)
[GIN-debug] GET    /users                    --> apartment_rent/pkg/controllers.GetAllUsers (4 handlers)
[GIN-debug] GET    /users/:id                --> apartment_rent/pkg/controllers.GetUserByID (4 handlers)
[GIN-debug] POST   /users                    --> apartment_rent/pkg/controllers.CreateUser (4 handlers)
[GIN-debug] PUT    /users/:id                --> apartment_rent/pkg/controllers.UpdateUser (4 handlers)
[GIN-debug] DELETE /users/:id                --> apartment_rent/pkg/controllers.DeleteUser (4 handlers)
[GIN-debug] POST   /users/block/:id          --> apartment_rent/pkg/controllers.BlockUser (4 handlers)
[GIN-debug] GET    /announcements            --> apartment_rent/pkg/controllers.GetAllAnnouncement (4 handlers)
[GIN-debug] GET    /announcements/price/:price --> apartment_rent/pkg/controllers.GetAnnouncementByPrice (4 handlers)
[GIN-debug] POST   /announcements            --> apartment_rent/pkg/controllers.CreateAnnouncement (4 handlers)
[GIN-debug] PUT    /announcements/:id        --> apartment_rent/pkg/controllers.UpdateAnnouncement (4 handlers)
[GIN-debug] GET    /announcements/:id        --> apartment_rent/pkg/controllers.GetAnnouncementByID (4 handlers)
[GIN-debug] GET    /announcements/count_apart/:count_apart --> apartment_rent/pkg/controllers.GetAnnouncementByRooms (4 handlers)
[GIN-debug] GET    /announcements/views/report/:id --> apartment_rent/pkg/controllers.GetViewsReport (4 handlers)
[GIN-debug] POST   /announcements/review     --> apartment_rent/pkg/controllers.CreateReview (4 handlers)
[GIN-debug] GET    /announcements/reviews/:id --> apartment_rent/pkg/controllers.GetReviews (4 handlers)
[GIN-debug] POST   /announcements/favorite/:id --> apartment_rent/pkg/controllers.AddToFavorites (4 handlers)
[GIN-debug] GET    /announcements/favorites  --> apartment_rent/pkg/controllers.GetFavorites (4 handlers)
[GIN-debug] [WARNING] You trusted all proxies, this is NOT safe. We recommend you to set a value.
Please check https://pkg.go.dev/github.com/gin-gonic/gin#readme-don-t-trust-all-proxies for details.
[GIN-debug] Listening and serving HTTP on localhost:8181
[GIN] 2024/09/27 - 00:31:40 | 200 |     84.8704ms |       127.0.0.1 | GET      "/announcements/4"
[GIN] 2024/09/27 - 00:31:45 | 200 |      1.7702ms |       127.0.0.1 | GET      "/announcements/4"
[GIN] 2024/09/27 - 00:31:55 | 500 |     19.3417ms |       127.0.0.1 | GET      "/announcements/8"
[GIN] 2024/09/27 - 00:32:09 | 500 |     10.5154ms |       127.0.0.1 | GET      "/announcements/9"
[GIN] 2024/09/27 - 00:32:23 | 200 |      3.1406ms |       127.0.0.1 | GET      "/announcements/1"
[GIN-debug] [WARNING] Creating an Engine instance with the Logger and Recovery middleware already attached.

[GIN-debug] [WARNING] Running in "debug" mode. Switch to "release" mode in production.
 - using env:	export GIN_MODE=release
 - using code:	gin.SetMode(gin.ReleaseMode)

[GIN-debug] GET    /swagger/*any             --> github.com/swaggo/gin-swagger.CustomWrapHandler.func1 (3 handlers)
[GIN-debug] GET    /ping                     --> apartment_rent/pkg/controllers.PingPong (3 handlers)
[GIN-debug] POST   /auth/sign-up             --> apartment_rent/pkg/controllers.SignUp (3 handlers)
[GIN-debug] POST   /auth/sign-in             --> apartment_rent/pkg/controllers.SignIn (3 handlers)
[GIN-debug] DELETE /announcements/delete/:id --> apartment_rent/pkg/controllers.DeleteAnnouncement (4 handlers)
[GIN-debug] DELETE /announcements/review/:id --> apartment_rent/pkg/controllers.DeleteReview (4 handlers)
[GIN-debug] GET    /users                    --> apartment_rent/pkg/controllers.GetAllUsers (4 handlers)
[GIN-debug] GET    /users/:id                --> apartment_rent/pkg/controllers.GetUserByID (4 handlers)
[GIN-debug] POST   /users                    --> apartment_rent/pkg/controllers.CreateUser (4 handlers)
[GIN-debug] PUT    /users/:id                --> apartment_rent/pkg/controllers.UpdateUser (4 handlers)
[GIN-debug] DELETE /users/:id                --> apartment_rent/pkg/controllers.DeleteUser (4 handlers)
[GIN-debug] POST   /users/block/:id          --> apartment_rent/pkg/controllers.BlockUser (4 handlers)
[GIN-debug] GET    /announcements            --> apartment_rent/pkg/controllers.GetAllAnnouncement (4 handlers)
[GIN-debug] GET    /announcements/price/:price --> apartment_rent/pkg/controllers.GetAnnouncementByPrice (4 handlers)
[GIN-debug] POST   /announcements            --> apartment_rent/pkg/controllers.CreateAnnouncement (4 handlers)
[GIN-debug] PUT    /announcements/:id        --> apartment_rent/pkg/controllers.UpdateAnnouncement (4 handlers)
[GIN-debug] GET    /announcements/:id        --> apartment_rent/pkg/controllers.GetAnnouncementByID (4 handlers)
[GIN-debug] GET    /announcements/count_apart/:count_apart --> apartment_rent/pkg/controllers.GetAnnouncementByRooms (4 handlers)
[GIN-debug] GET    /announcements/views/report/:id --> apartment_rent/pkg/controllers.GetViewsReport (4 handlers)
[GIN-debug] POST   /announcements/review     --> apartment_rent/pkg/controllers.CreateReview (4 handlers)
[GIN-debug] GET    /announcements/reviews/:id --> apartment_rent/pkg/controllers.GetReviews (4 handlers)
[GIN-debug] POST   /announcements/favorite/:id --> apartment_rent/pkg/controllers.AddToFavorites (4 handlers)
[GIN-debug] GET    /announcements/favorites  --> apartment_rent/pkg/controllers.GetFavorites (4 handlers)
[GIN-debug] [WARNING] You trusted all proxies, this is NOT safe. We recommend you to set a value.
Please check https://pkg.go.dev/github.com/gin-gonic/gin#readme-don-t-trust-all-proxies for details.
[GIN-debug] Listening and serving HTTP on localhost:8181
[GIN] 2024/09/27 - 00:40:38 | 200 |     95.7093ms |       127.0.0.1 | GET      "/announcements/1"
[GIN] 2024/09/27 - 00:40:42 | 200 |       7.918ms |       127.0.0.1 | GET      "/announcements/1"
[GIN] 2024/09/27 - 00:40:55 | 401 |         336µs |       127.0.0.1 | GET      "/announcements/views/report/1"
[GIN] 2024/09/27 - 00:41:13 | 200 |      3.4957ms |       127.0.0.1 | GET      "/announcements/views/report/1"
[GIN-debug] [WARNING] Creating an Engine instance with the Logger and Recovery middleware already attached.

[GIN-debug] [WARNING] Running in "debug" mode. Switch to "release" mode in production.
 - using env:	export GIN_MODE=release
 - using code:	gin.SetMode(gin.ReleaseMode)

[GIN-debug] GET    /swagger/*any             --> github.com/swaggo/gin-swagger.CustomWrapHandler.func1 (3 handlers)
[GIN-debug] GET    /ping                     --> apartment_rent/pkg/controllers.PingPong (3 handlers)
[GIN-debug] POST   /auth/sign-up             --> apartment_rent/pkg/controllers.SignUp (3 handlers)
[GIN-debug] POST   /auth/sign-in             --> apartment_rent/pkg/controllers.SignIn (3 handlers)
[GIN-debug] DELETE /announcements/delete/:id --> apartment_rent/pkg/controllers.DeleteAnnouncement (4 handlers)
[GIN-debug] DELETE /announcements/review/:id --> apartment_rent/pkg/controllers.DeleteReview (4 handlers)
[GIN-debug] GET    /users                    --> apartment_rent/pkg/controllers.GetAllUsers (4 handlers)
[GIN-debug] GET    /users/:id                --> apartment_rent/pkg/controllers.GetUserByID (4 handlers)
[GIN-debug] POST   /users                    --> apartment_rent/pkg/controllers.CreateUser (4 handlers)
[GIN-debug] PUT    /users/:id                --> apartment_rent/pkg/controllers.UpdateUser (4 handlers)
[GIN-debug] DELETE /users/:id                --> apartment_rent/pkg/controllers.DeleteUser (4 handlers)
[GIN-debug] POST   /users/block/:id          --> apartment_rent/pkg/controllers.BlockUser (4 handlers)
[GIN-debug] GET    /announcements            --> apartment_rent/pkg/controllers.GetAllAnnouncement (4 handlers)
[GIN-debug] GET    /announcements/price/:price --> apartment_rent/pkg/controllers.GetAnnouncementByPrice (4 handlers)
[GIN-debug] POST   /announcements            --> apartment_rent/pkg/controllers.CreateAnnouncement (4 handlers)
[GIN-debug] PUT    /announcements/:id        --> apartment_rent/pkg/controllers.UpdateAnnouncement (4 handlers)
[GIN-debug] GET    /announcements/:id        --> apartment_rent/pkg/controllers.GetAnnouncementByID (4 handlers)
[GIN-debug] GET    /announcements/count_apart/:count_apart --> apartment_rent/pkg/controllers.GetAnnouncementByRooms (4 handlers)
[GIN-debug] GET    /announcements/views/report/:id --> apartment_rent/pkg/controllers.GetViewsReport (4 handlers)
[GIN-debug] POST   /announcements/review     --> apartment_rent/pkg/controllers.CreateReview (4 handlers)
[GIN-debug] GET    /announcements/reviews/:id --> apartment_rent/pkg/controllers.GetReviews (4 handlers)
[GIN-debug] POST   /announcements/favorite/:id --> apartment_rent/pkg/controllers.AddToFavorites (4 handlers)
[GIN-debug] GET    /announcements/favorites  --> apartment_rent/pkg/controllers.GetFavorites (4 handlers)
[GIN-debug] [WARNING] You trusted all proxies, this is NOT safe. We recommend you to set a value.
Please check https://pkg.go.dev/github.com/gin-gonic/gin#readme-don-t-trust-all-proxies for details.
[GIN-debug] Listening and serving HTTP on localhost:8181
[GIN] 2024/09/27 - 00:47:03 | 200 |      2.6166ms |       127.0.0.1 | POST     "/auth/sign-in"
[GIN] 2024/09/27 - 00:47:39 | 200 |       7.435ms |       127.0.0.1 | DELETE   "/users/10"
[GIN-debug] [WARNING] Creating an Engine instance with the Logger and Recovery middleware already attached.

[GIN-debug] [WARNING] Running in "debug" mode. Switch to "release" mode in production.
 - using env:	export GIN_MODE=release
 - using code:	gin.SetMode(gin.ReleaseMode)

[GIN-debug] GET    /swagger/*any             --> github.com/swaggo/gin-swagger.CustomWrapHandler.func1 (3 handlers)
[GIN-debug] GET    /ping                     --> apartment_rent/pkg/controllers.PingPong (3 handlers)
[GIN-debug] POST   /auth/sign-up             --> apartment_rent/pkg/controllers.SignUp (3 handlers)
[GIN-debug] POST   /auth/sign-in             --> apartment_rent/pkg/controllers.SignIn (3 handlers)
[GIN-debug] DELETE /announcements/delete/:id --> apartment_rent/pkg/controllers.DeleteAnnouncement (4 handlers)
[GIN-debug] DELETE /announcements/review/:id --> apartment_rent/pkg/controllers.DeleteReview (4 handlers)
[GIN-debug] GET    /users                    --> apartment_rent/pkg/controllers.GetAllUsers (4 handlers)
[GIN-debug] GET    /users/:id                --> apartment_rent/pkg/controllers.GetUserByID (4 handlers)
[GIN-debug] POST   /users                    --> apartment_rent/pkg/controllers.CreateUser (4 handlers)
[GIN-debug] PUT    /users/:id                --> apartment_rent/pkg/controllers.UpdateUser (4 handlers)
[GIN-debug] DELETE /users/:id                --> apartment_rent/pkg/controllers.DeleteUser (4 handlers)
[GIN-debug] POST   /users/block/:id          --> apartment_rent/pkg/controllers.BlockUser (4 handlers)
[GIN-debug] GET    /announcements            --> apartment_rent/pkg/controllers.GetAllAnnouncement (4 handlers)
[GIN-debug] GET    /announcements/price/:price --> apartment_rent/pkg/controllers.GetAnnouncementByPrice (4 handlers)
[GIN-debug] POST   /announcements            --> apartment_rent/pkg/controllers.CreateAnnouncement (4 handlers)
[GIN-debug] PUT    /announcements/:id        --> apartment_rent/pkg/controllers.UpdateAnnouncement (4 handlers)
[GIN-debug] GET    /announcements/:id        --> apartment_rent/pkg/controllers.GetAnnouncementByID (4 handlers)
[GIN-debug] GET    /announcements/count_apart/:count_apart --> apartment_rent/pkg/controllers.GetAnnouncementByRooms (4 handlers)
[GIN-debug] GET    /announcements/views/report/:id --> apartment_rent/pkg/controllers.GetViewsReport (4 handlers)
[GIN-debug] POST   /announcements/review     --> apartment_rent/pkg/controllers.CreateReview (4 handlers)
[GIN-debug] GET    /announcements/reviews/:id --> apartment_rent/pkg/controllers.GetReviews (4 handlers)
[GIN-debug] POST   /announcements/favorite/:id --> apartment_rent/pkg/controllers.AddToFavorites (4 handlers)
[GIN-debug] GET    /announcements/favorites  --> apartment_rent/pkg/controllers.GetFavorites (4 handlers)
[GIN-debug] [WARNING] You trusted all proxies, this is NOT safe. We recommend you to set a value.
Please check https://pkg.go.dev/github.com/gin-gonic/gin#readme-don-t-trust-all-proxies for details.
[GIN-debug] Listening and serving HTTP on localhost:8181
[GIN] 2024/09/27 - 00:51:34 | 500 |    201.5265ms |       127.0.0.1 | DELETE   "/users/9"
[GIN] 2024/09/27 - 00:51:47 | 500 |      8.9446ms |       127.0.0.1 | DELETE   "/users/8"
[GIN-debug] [WARNING] Creating an Engine instance with the Logger and Recovery middleware already attached.

[GIN-debug] [WARNING] Running in "debug" mode. Switch to "release" mode in production.
 - using env:	export GIN_MODE=release
 - using code:	gin.SetMode(gin.ReleaseMode)

[GIN-debug] GET    /swagger/*any             --> github.com/swaggo/gin-swagger.CustomWrapHandler.func1 (3 handlers)
[GIN-debug] GET    /ping                     --> apartment_rent/pkg/controllers.PingPong (3 handlers)
[GIN-debug] POST   /auth/sign-up             --> apartment_rent/pkg/controllers.SignUp (3 handlers)
[GIN-debug] POST   /auth/sign-in             --> apartment_rent/pkg/controllers.SignIn (3 handlers)
[GIN-debug] DELETE /announcements/delete/:id --> apartment_rent/pkg/controllers.DeleteAnnouncement (4 handlers)
[GIN-debug] DELETE /announcements/review/:id --> apartment_rent/pkg/controllers.DeleteReview (4 handlers)
[GIN-debug] GET    /users                    --> apartment_rent/pkg/controllers.GetAllUsers (4 handlers)
[GIN-debug] GET    /users/:id                --> apartment_rent/pkg/controllers.GetUserByID (4 handlers)
[GIN-debug] POST   /users                    --> apartment_rent/pkg/controllers.CreateUser (4 handlers)
[GIN-debug] PUT    /users/:id                --> apartment_rent/pkg/controllers.UpdateUser (4 handlers)
[GIN-debug] DELETE /users/:id                --> apartment_rent/pkg/controllers.DeleteUser (4 handlers)
[GIN-debug] POST   /users/block/:id          --> apartment_rent/pkg/controllers.BlockUser (4 handlers)
[GIN-debug] GET    /announcements            --> apartment_rent/pkg/controllers.GetAllAnnouncement (4 handlers)
[GIN-debug] GET    /announcements/price/:price --> apartment_rent/pkg/controllers.GetAnnouncementByPrice (4 handlers)
[GIN-debug] POST   /announcements            --> apartment_rent/pkg/controllers.CreateAnnouncement (4 handlers)
[GIN-debug] PUT    /announcements/:id        --> apartment_rent/pkg/controllers.UpdateAnnouncement (4 handlers)
[GIN-debug] GET    /announcements/:id        --> apartment_rent/pkg/controllers.GetAnnouncementByID (4 handlers)
[GIN-debug] GET    /announcements/count_apart/:count_apart --> apartment_rent/pkg/controllers.GetAnnouncementByRooms (4 handlers)
[GIN-debug] GET    /announcements/views/report/:id --> apartment_rent/pkg/controllers.GetViewsReport (4 handlers)
[GIN-debug] POST   /announcements/review     --> apartment_rent/pkg/controllers.CreateReview (4 handlers)
[GIN-debug] GET    /announcements/reviews/:id --> apartment_rent/pkg/controllers.GetReviews (4 handlers)
[GIN-debug] POST   /announcements/favorite/:id --> apartment_rent/pkg/controllers.AddToFavorites (4 handlers)
[GIN-debug] GET    /announcements/favorites  --> apartment_rent/pkg/controllers.GetFavorites (4 handlers)
[GIN-debug] [WARNING] You trusted all proxies, this is NOT safe. We recommend you to set a value.
Please check https://pkg.go.dev/github.com/gin-gonic/gin#readme-don-t-trust-all-proxies for details.
[GIN-debug] Listening and serving HTTP on localhost:8181
[GIN] 2024/09/27 - 00:59:51 | 200 |      8.5891ms |       127.0.0.1 | DELETE   "/users/8"
[GIN-debug] [WARNING] Creating an Engine instance with the Logger and Recovery middleware already attached.

[GIN-debug] [WARNING] Running in "debug" mode. Switch to "release" mode in production.
 - using env:	export GIN_MODE=release
 - using code:	gin.SetMode(gin.ReleaseMode)

[GIN-debug] GET    /swagger/*any             --> github.com/swaggo/gin-swagger.CustomWrapHandler.func1 (3 handlers)
[GIN-debug] GET    /ping                     --> apartment_rent/pkg/controllers.PingPong (3 handlers)
[GIN-debug] POST   /auth/sign-up             --> apartment_rent/pkg/controllers.SignUp (3 handlers)
[GIN-debug] POST   /auth/sign-in             --> apartment_rent/pkg/controllers.SignIn (3 handlers)
[GIN-debug] DELETE /announcements/delete/:id --> apartment_rent/pkg/controllers.DeleteAnnouncement (4 handlers)
[GIN-debug] DELETE /announcements/review/:id --> apartment_rent/pkg/controllers.DeleteReview (4 handlers)
[GIN-debug] GET    /users                    --> apartment_rent/pkg/controllers.GetAllUsers (4 handlers)
[GIN-debug] GET    /users/:id                --> apartment_rent/pkg/controllers.GetUserByID (4 handlers)
[GIN-debug] POST   /users                    --> apartment_rent/pkg/controllers.CreateUser (4 handlers)
[GIN-debug] PUT    /users/:id                --> apartment_rent/pkg/controllers.UpdateUser (4 handlers)
[GIN-debug] DELETE /users/:id                --> apartment_rent/pkg/controllers.DeleteUser (4 handlers)
[GIN-debug] POST   /users/block/:id          --> apartment_rent/pkg/controllers.BlockUser (4 handlers)
[GIN-debug] GET    /announcements            --> apartment_rent/pkg/controllers.GetAllAnnouncement (4 handlers)
[GIN-debug] GET    /announcements/price/:price --> apartment_rent/pkg/controllers.GetAnnouncementByPrice (4 handlers)
[GIN-debug] POST   /announcements            --> apartment_rent/pkg/controllers.CreateAnnouncement (4 handlers)
[GIN-debug] PUT    /announcements/:id        --> apartment_rent/pkg/controllers.UpdateAnnouncement (4 handlers)
[GIN-debug] GET    /announcements/:id        --> apartment_rent/pkg/controllers.GetAnnouncementByID (4 handlers)
[GIN-debug] GET    /announcements/count_apart/:count_apart --> apartment_rent/pkg/controllers.GetAnnouncementByRooms (4 handlers)
[GIN-debug] GET    /announcements/views/report/:id --> apartment_rent/pkg/controllers.GetViewsReport (4 handlers)
[GIN-debug] POST   /announcements/review     --> apartment_rent/pkg/controllers.CreateReview (4 handlers)
[GIN-debug] GET    /announcements/reviews/:id --> apartment_rent/pkg/controllers.GetReviews (4 handlers)
[GIN-debug] POST   /announcements/favorite/:id --> apartment_rent/pkg/controllers.AddToFavorites (4 handlers)
[GIN-debug] GET    /announcements/favorites  --> apartment_rent/pkg/controllers.GetFavorites (4 handlers)
[GIN-debug] [WARNING] You trusted all proxies, this is NOT safe. We recommend you to set a value.
Please check https://pkg.go.dev/github.com/gin-gonic/gin#readme-don-t-trust-all-proxies for details.
[GIN-debug] Listening and serving HTTP on localhost:8181
[GIN] 2024/09/27 - 01:06:25 | 200 |      3.0187ms |       127.0.0.1 | GET      "/swagger/index.html"
[GIN] 2024/09/27 - 01:06:25 | 200 |      5.2739ms |       127.0.0.1 | GET      "/swagger/swagger-ui.css"
[GIN] 2024/09/27 - 01:06:25 | 200 |     12.4626ms |       127.0.0.1 | GET      "/swagger/swagger-ui-bundle.js"
[GIN] 2024/09/27 - 01:06:25 | 200 |     11.9572ms |       127.0.0.1 | GET      "/swagger/swagger-ui-standalone-preset.js"
[GIN] 2024/09/27 - 01:06:26 | 200 |      1.9746ms |       127.0.0.1 | GET      "/swagger/doc.json"
[GIN] 2024/09/27 - 01:06:26 | 200 |            0s |       127.0.0.1 | GET      "/swagger/favicon-32x32.png"
